{"/Users/alisia/Projects/ReactProjects/react-examples/hooks-concepts/src/App.js": {"path":"/Users/alisia/Projects/ReactProjects/react-examples/hooks-concepts/src/App.js","statementMap":{"0":{"start":{"line":9,"column":14},"end":{"line":9,"column":37}},"1":{"start":{"line":10,"column":2},"end":{"line":17,"column":4}}},"fnMap":{"0":{"name":"App","decl":{"start":{"line":8,"column":9},"end":{"line":8,"column":12}},"loc":{"start":{"line":8,"column":15},"end":{"line":18,"column":1}},"line":8}},"branchMap":{"0":{"loc":{"start":{"line":14,"column":9},"end":{"line":14,"column":92}},"type":"cond-expr","locations":[{"start":{"line":14,"column":26},"end":{"line":14,"column":58}},{"start":{"line":14,"column":61},"end":{"line":14,"column":92}}],"line":14}},"s":{"0":6,"1":6},"f":{"0":6},"b":{"0":[2,4]},"_coverageSchema":"1a1c01bbd47fc00a2c39e90264f33305004495a9","hash":"cd3ab1d18174ecb28fadb0d7a83f17a2edba08b9"}
,"/Users/alisia/Projects/ReactProjects/react-examples/hooks-concepts/src/components/MainHeader/MainHeader.js": {"path":"/Users/alisia/Projects/ReactProjects/react-examples/hooks-concepts/src/components/MainHeader/MainHeader.js","statementMap":{"0":{"start":{"line":7,"column":19},"end":{"line":14,"column":1}},"1":{"start":{"line":8,"column":2},"end":{"line":13,"column":4}}},"fnMap":{"0":{"name":"(anonymous_0)","decl":{"start":{"line":7,"column":19},"end":{"line":7,"column":20}},"loc":{"start":{"line":7,"column":30},"end":{"line":14,"column":1}},"line":7}},"branchMap":{},"s":{"0":2,"1":8},"f":{"0":8},"b":{},"_coverageSchema":"1a1c01bbd47fc00a2c39e90264f33305004495a9","hash":"d20dcb5abc410d6aa984c4ac1c58542922bcf368"}
,"/Users/alisia/Projects/ReactProjects/react-examples/hooks-concepts/src/store/auth-context.js": {"path":"/Users/alisia/Projects/ReactProjects/react-examples/hooks-concepts/src/store/auth-context.js","statementMap":{"0":{"start":{"line":3,"column":20},"end":{"line":7,"column":2}},"1":{"start":{"line":9,"column":35},"end":{"line":34,"column":1}},"2":{"start":{"line":10,"column":38},"end":{"line":10,"column":53}},"3":{"start":{"line":12,"column":2},"end":{"line":16,"column":9}},"4":{"start":{"line":13,"column":4},"end":{"line":15,"column":5}},"5":{"start":{"line":14,"column":6},"end":{"line":14,"column":26}},"6":{"start":{"line":18,"column":23},"end":{"line":23,"column":3}},"7":{"start":{"line":21,"column":4},"end":{"line":21,"column":44}},"8":{"start":{"line":22,"column":4},"end":{"line":22,"column":24}},"9":{"start":{"line":25,"column":24},"end":{"line":28,"column":3}},"10":{"start":{"line":26,"column":4},"end":{"line":26,"column":42}},"11":{"start":{"line":27,"column":4},"end":{"line":27,"column":25}},"12":{"start":{"line":29,"column":2},"end":{"line":33,"column":4}}},"fnMap":{"0":{"name":"(anonymous_0)","decl":{"start":{"line":5,"column":12},"end":{"line":5,"column":13}},"loc":{"start":{"line":5,"column":18},"end":{"line":5,"column":20}},"line":5},"1":{"name":"(anonymous_1)","decl":{"start":{"line":6,"column":11},"end":{"line":6,"column":12}},"loc":{"start":{"line":6,"column":17},"end":{"line":6,"column":19}},"line":6},"2":{"name":"(anonymous_2)","decl":{"start":{"line":9,"column":35},"end":{"line":9,"column":36}},"loc":{"start":{"line":9,"column":53},"end":{"line":34,"column":1}},"line":9},"3":{"name":"(anonymous_3)","decl":{"start":{"line":12,"column":12},"end":{"line":12,"column":13}},"loc":{"start":{"line":12,"column":18},"end":{"line":16,"column":3}},"line":12},"4":{"name":"(anonymous_4)","decl":{"start":{"line":18,"column":23},"end":{"line":18,"column":24}},"loc":{"start":{"line":18,"column":44},"end":{"line":23,"column":3}},"line":18},"5":{"name":"(anonymous_5)","decl":{"start":{"line":25,"column":24},"end":{"line":25,"column":25}},"loc":{"start":{"line":25,"column":30},"end":{"line":28,"column":3}},"line":25}},"branchMap":{"0":{"loc":{"start":{"line":13,"column":4},"end":{"line":15,"column":5}},"type":"if","locations":[{"start":{"line":13,"column":4},"end":{"line":15,"column":5}},{"start":{"line":13,"column":4},"end":{"line":15,"column":5}}],"line":13}},"s":{"0":2,"1":2,"2":6,"3":6,"4":3,"5":1,"6":6,"7":1,"8":1,"9":6,"10":1,"11":1,"12":6},"f":{"0":0,"1":0,"2":6,"3":3,"4":1,"5":1},"b":{"0":[1,2]},"_coverageSchema":"1a1c01bbd47fc00a2c39e90264f33305004495a9","hash":"46134b46653ea2b6fc731186787bbc773ac73e2a"}
}
