TN:
SF:src/App.js
FN:8,App
FNF:1
FNH:1
FNDA:6,App
DA:9,6
DA:10,6
LF:2
LH:2
BRDA:14,0,0,2
BRDA:14,0,1,4
BRF:2
BRH:2
end_of_record
TN:
SF:src/components/MainHeader/MainHeader.js
FN:7,(anonymous_0)
FNF:1
FNH:1
FNDA:8,(anonymous_0)
DA:7,2
DA:8,8
LF:2
LH:2
BRF:0
BRH:0
end_of_record
TN:
SF:src/store/auth-context.js
FN:5,(anonymous_0)
FN:6,(anonymous_1)
FN:9,(anonymous_2)
FN:12,(anonymous_3)
FN:18,(anonymous_4)
FN:25,(anonymous_5)
FNF:6
FNH:4
FNDA:0,(anonymous_0)
FNDA:0,(anonymous_1)
FNDA:6,(anonymous_2)
FNDA:3,(anonymous_3)
FNDA:1,(anonymous_4)
FNDA:1,(anonymous_5)
DA:3,2
DA:9,2
DA:10,6
DA:12,6
DA:13,3
DA:14,1
DA:18,6
DA:21,1
DA:22,1
DA:25,6
DA:26,1
DA:27,1
DA:29,6
LF:13
LH:13
BRDA:13,0,0,1
BRDA:13,0,1,2
BRF:2
BRH:2
end_of_record
